1488, 03/01/2021, 157, BATATAIS, ROUBO (ART. 157) - CONDOMINIO RESIDENCIAL, XIAOMI
1298, 29/11/2021, 155, SAO CAETANO DO SUL, FURTO (ART. 155) - INTERIOR ESTABELECIMENTO, SAMSUNG
536, 25/12/2018, 155, RIBEIRAO PRETO, FURTO (ART. 155) - VEICULO, APPLE
1337, 12/01/2021, NULO, NULO, NULO, MOTOROLA
1170, 25/11/2021, 155, OSASCO, FURTO (ART. 155) - OUTROS, LG
4, 16/11/2018, 155, SOROCABA, FURTO (ART. 155) - OUTROS, SAMSUNG
127, 30/11/2018, 155, SAO BERNARDO DO CAMPO, NULO, LENOVO
304, 05/01/2018, 157, SUZANO, NULO, ASUS
1414, 03/01/2021, 157, SAO BERNARDO DO CAMPO, ROUBO (ART. 157) - OUTROS, SAMSUNG
178, 23/11/2018, NULO, EMBU DAS ARTES, FURTO (ART. 155) - OUTROS, MOTOROLA
1107, 29/08/2020, 155, RIBEIRAO PRETO, FURTO (ART. 155) - OUTROS, MOTOROLA
862, 01/01/2020, 157, DIADEMA, ROUBO (ART. 157) - TRANSEUNTE, SAMSUNG
599, 31/08/2019, 157, CARAPICUIBA, ROUBO (ART. 157) - INTERIOR ESTABELECIMENTO, SAMSUNG
1520, 28/02/2021, 157, JUNDIAI, ROUBO (ART. 157) - TRANSEUNTE, SAMSUNG
691, 31/08/2019, NULO, NULO, ROUBO (ART. 157) - OUTROS, SAMSUNG
50, 30/11/2018, 155, NULO, FURTO (ART. 155) - OUTROS, SAMSUNG
925, 01/01/2020, 157, UBATUBA, ROUBO (ART. 157) - TRANSEUNTE, APPLE
228, 30/04/2018, NULO, NULO, NULO, NULO
966, 31/08/2020, 155, FRANCO DA ROCHA, FURTO (ART. 155) - OUTROS, SAMSUNG
886, 01/01/2020, 157, ITAQUAQUECETUBA, ROUBO (ART. 157) - VEICULO, LG
1513, 03/01/2021, 157, SANTO ANDRE, ROUBO (ART. 157) - OUTROS, SAMSUNG
689, 09/01/2019, NULO, NULO, ROUBO (ART. 157) - OUTROS, SAMSUNG
1321, 12/01/2021, NULO, NULO, NULO, APPLE
545, 31/01/2019, 171, SANTO ANDRE, ESTELIONATO (ART. 171), NULO
321, 05/01/2018, 157, CARAPICUIBA, ROUBO (ART. 157) - TRANSEUNTE, LG
620, 30/08/2019, 157, SAO JOSE DOS CAMPOS, ROUBO (ART. 157) - OUTROS, MOTOROLA
603, 31/08/2019, 157, SANTO ANDRE, ROUBO (ART. 157) - OUTROS, SAMSUNG
894, 31/12/2019, 157, SANTO ANDRE, ROUBO (ART. 157) - TRANSEUNTE, SAMSUNG
517, 27/01/2019, 155, FRANCO DA ROCHA, FURTO (ART. 155) - RESIDENCIA, MOTOROLA
1499, 28/02/2021, 157, PINDAMONHANGABA, ROUBO (ART. 157) - TRANSEUNTE, SAMSUNG
191, 12/01/2018, NULO, DRACENA, FURTO (ART. 155) - OUTROS, XIAOMI
85, 29/11/2018, 155, TATUI, NULO, SAMSUNG
326, 30/04/2018, 157, SANTOS, ROUBO (ART. 157) - TRANSEUNTE, MOTOROLA
231, 21/04/2018, NULO, NULO, NULO, NULO
584, 30/08/2019, 157, SANTO ANDRE, ROUBO (ART. 157) - OUTROS, SAMSUNG
1449, 03/01/2021, 157, SANTOS, ROUBO (ART. 157) - TRANSEUNTE, OUTROS
507, 31/01/2019, 155, CAMPINAS, FURTO (ART. 155) - OUTROS, MOTOROLA
698, 31/08/2019, NULO, NULO, ROUBO (ART. 157) - TRANSEUNTE, SAMSUNG
534, 28/01/2019, 155, COSMOPOLIS, FURTO (ART. 155) - OUTROS, SAMSUNG
643, 31/08/2019, 157, SAO CRUZ DO RIO PARDO, ROUBO (ART. 157) - CARGA, SAMSUNG
65, 25/11/2018, 155, NULO, FURTO QUALIFICADO (ART. 155) - INTERIOR DE VEICULO, SAMSUNG
596, 31/08/2019, 157, EMBU DAS ARTES, ROUBO (ART. 157) - TRANSEUNTE, MOTOROLA
343, 30/04/2018, 157, DIADEMA, ROUBO (ART. 157) - INTERIOR DE VEICULO, SAMSUNG
1045, 31/08/2020, 155, ARACATUBA, FURTO (ART. 155) - INTERIOR DE VEICULO, OUTROS
76, 30/11/2018, 155, NULO, NULO, SAMSUNG
1501, 23/02/2021, 157, SAO CRUZ DO RIO PARDO, ROUBO (ART. 157) - OUTROS, MOTOROLA
443, 02/01/2019, 155, MARILIA, FURTO QUALIFICADO (ART. 155) - ESTABELECIMENTO COMERCIAL, OUTROS
275, 30/04/2018, 157, CAMPINAS, NULO, IPHONE
1193, 28/11/2021, 155, JAGUARIUNA, FURTO (ART. 155) - OUTROS, XIAOMI
715, 09/01/2019, 157, GUARUJA, ROUBO (ART. 157) - TRANSEUNTE, NULO
731, 31/08/2019, 157, SOROCABA, ROUBO (ART. 157) - OUTROS, NULO
555, 31/01/2019, 155, SAO BERNARDO DO CAMPO, FURTO (ART. 155) - INTERIOR ESTABELECIMENTO, SAMSUNG
1473, 03/01/2021, 157, NULO, NULO, MOTOROLA
1056, 09/01/2020, 155, GUARATINGUETA, FURTO (ART. 155) - OUTROS, MOTOROLA
1478, 28/02/2021, 157, NULO, NULO, NULO
944, 01/01/2020, 157, SANTOS, ROUBO (ART. 157) - TRANSEUNTE, APPLE
41, 30/11/2018, 155, NULO, FURTO (ART. 155) - OUTROS, LG
309, 04/01/2018, 157, SAO BERNARDO DO CAMPO, NULO, SAMSUNG
493, 30/01/2019, 155, MOCOCA, FURTO (ART. 155) - RESIDENCIA, SAMSUNG
616, 30/08/2019, 157, VALINHOS, ROUBO (ART. 157) - OUTROS, SAMSUNG
171, 30/11/2018, NULO, SAO VICENTE, FURTO (ART. 155) - OUTROS, NULO
375, 05/01/2018, 157, HORTOLANDIA, ROUBO (ART. 157) - TRANSEUNTE, SAMSUNG
1049, 09/01/2020, 155, MIRASSOL, FURTO (ART. 155) - OUTROS, SAMSUNG
936, 01/01/2020, 157, SANTOS, ROUBO (ART. 157) - OUTROS, OUTROS
98, 28/11/2018, 155, MARILIA, NULO, OUTROS
1163, 28/11/2021, 155, BARRETOS, FURTO (ART. 155) - OUTROS, SAMSUNG
1411, 03/01/2021, 157, CARAPICUIBA, ROUBO (ART. 157) - OUTROS, SONY
835, 01/01/2020, NULO, NULO, NULO, NULO
223, 30/04/2018, NULO, NULO, NULO, NULO
284, 30/04/2018, 157, RIBEIRAO PRETO, NULO, SAMSUNG
677, 31/08/2019, NULO, NULO, ROUBO (ART. 157) - OUTROS, APPLE
501, 30/01/2019, 155, SANTO ANDRE, FURTO (ART. 155) - OUTROS, MOTOROLA
919, 01/01/2020, 157, RIBEIRAO PRETO, ROUBO (ART. 157) - VEICULO, SAMSUNG
803, 31/12/2019, 157, DIADEMA, ROUBO (ART. 157) - VEICULO, LG
225, 30/04/2018, NULO, NULO, NULO, NULO
563, 30/01/2019, 155, TUPA, FURTO (ART. 155) - RESIDENCIA, NOKIA
1335, 26/11/2021, NULO, NULO, NULO, SAMSUNG
762, 09/01/2019, 157, FERRAZ DE VASCONCELOS, ROUBO (ART. 157) - TRANSEUNTE, LG
671, 31/08/2019, 157, GUARULHOS, ROUBO (ART. 157) - OUTROS, MOTOROLA
1115, 08/12/2020, 155, PRAIA GRANDE, FURTO (ART. 155) - TRANSEUNTE, SAMSUNG
6, 30/11/2018, 155, SAO JOSE DO RIO PRETO, FURTO (ART. 155) - ESTABELECIMENTO ENSINO, MOTOROLA
876, 31/12/2019, 157, SUZANO, ROUBO (ART. 157) - VEICULO, MICROSOFT
1180, 29/11/2021, 155, CACAPAVA, FURTO (ART. 155) - OUTROS, SAMSUNG
1166, 29/11/2021, 155, MAUA, FURTO (ART. 155) - OUTROS, XIAOMI
414, 30/01/2019, 155, SANTO ANDRE, FURTO (ART. 155) - OUTROS, APPLE
88, 30/11/2018, 155, SAO JOSE DOS CAMPOS, NULO, SAMSUNG
139, 30/11/2018, 155, OSASCO, FURTO (ART. 155) - OUTROS, NULO
1033, 27/08/2020, 155, ARAMINA, FURTO (ART. 155) - OUTROS, MULTILASER
769, 09/01/2019, 157, CAMPINAS, ROUBO (ART. 157) - OUTROS, LENOVO
1529, 28/02/2021, 157, GUARUJA, ROUBO (ART. 157) - OUTROS, OUTROS
291, 05/01/2018, 157, EMBU-GUACU, NULO, CUBOT
1503, 28/02/2021, 157, CACAPAVA, ROUBO (ART. 157) - VEICULO, MOTOROLA
1476, 26/02/2021, 157, NULO, NULO, SAMSUNG
1336, 12/01/2021, NULO, NULO, NULO, SAMSUNG
575, 31/01/2019, 155, GUARULHOS, FURTO QUALIFICADO (ART. 155) - INTERIOR ESTABELECIMENTO, SAMSUNG
1028, 31/08/2020, 155, SAO BERNARDO DO CAMPO, FURTO (ART. 155) - OUTROS, SAMSUNG
872, 22/12/2019, 157, FRANCISCO MORATO, ROUBO (ART. 157) - OUTROS, SAMSUNG
339, 05/01/2018, 157, CARAPICUIBA, ROUBO (ART. 157) - INTERIOR DE VEICULO, OUTROS
106, 12/01/2018, 155, TUPA, NULO, OUTROS
552, 30/01/2019, 155, SOROCABA, FURTO (ART. 155) - OUTROS, SAMSUNG
684, 09/01/2019, NULO, NULO, ROUBO (ART. 157) - OUTROS, MOTOROLA
77, 30/11/2018, 155, NULO, NULO, SAMSUNG
859, 31/12/2019, 157, GUARULHOS, ROUBO (ART. 157) - VEICULO, LG
802, 31/12/2019, 157, DIADEMA, ROUBO (ART. 157) - VEICULO, LG
1470, 03/01/2021, 157, BATATAIS, ROUBO (ART. 157) - CONDOMINIO RESIDENCIAL, XIAOMI
239, 29/04/2018, NULO, NULO, NULO, NULO
1286, 30/11/2021, 155, SANTOS, FURTO (ART. 155) - OUTROS, MOTOROLA
1134, 22/08/2020, 155, DIADEMA, FURTO (ART. 155) - OUTROS, MOTOROLA
44, 30/11/2018, 155, NULO, FURTO (ART. 155) - OUTROS, SAMSUNG
12, 30/11/2018, 157, PIRAJUI, ROUBO (ART. 157) - TRANSEUNTE, SAMSUNG
512, 31/01/2019, 155, SANTO ANDRE, FURTO (ART. 155) - INTERIOR TRANSPORTE COLETIVO, MOTOROLA
330, 05/01/2018, 157, SANTOS, ROUBO (ART. 157) - OUTROS, SAMSUNG
317, 05/01/2018, 157, VOTUPORANGA, ROUBO (ART. 157) - TRANSEUNTE, BLU
588, 31/08/2019, 157, LOUVEIRA, ROUBO (ART. 157) - ESTABELECIMENTO COMERCIAL, MOTOROLA
787, 31/12/2019, 157, NULO, NULO, MOTOROLA
1044, 22/08/2020, 155, CAMPINAS, FURTO (ART. 155) - OUTROS, SAMSUNG
757, 31/08/2019, 157, SAO PEDRO, ROUBO (ART. 157) - RESIDENCIA, SAMSUNG
1459, 26/02/2021, 157, MOGI DAS CRUZES, ROUBO (ART. 157) - OUTROS, MOTOROLA
313, 05/01/2018, 157, MONGAGUA, NULO, LG
1017, 28/08/2020, 155, JAU, FURTO (ART. 155) - INTERIOR DE VEICULO, MOTOROLA
965, 28/08/2020, 155, DIADEMA, FURTO (ART. 155) - OUTROS, SAMSUNG
1075, 09/01/2020, 155, SAO VICENTE, FURTO (ART. 155) - OUTROS, SAMSUNG
11, 30/11/2018, 157, PIRAJUI, ROUBO (ART. 157) - TRANSEUNTE, MOTOROLA
229, 30/04/2018, NULO, NULO, NULO, NULO
685, 09/01/2019, NULO, NULO, ROUBO (ART. 157) - TRANSEUNTE, APPLE
27, 30/11/2018, 155, OSASCO, FURTO (ART. 155) - OUTROS, SAMSUNG
831, 31/12/2019, NULO, NULO, NULO, NULO
1329, 12/01/2021, NULO, NULO, NULO, APPLE
174, 30/11/2018, NULO, IBITINGA, FURTO (ART. 155) - TRANSEUNTE, MOTOROLA
415, 31/01/2019, 155, JANDIRA, FURTO (ART. 155) - OUTROS, SAMSUNG
810, 31/12/2019, 157, DIADEMA, ROUBO (ART. 157) - OUTROS, SAMSUNG
13, 30/11/2018, 157, PIRAJUI, ROUBO (ART. 157) - TRANSEUNTE, MOTOROLA
697, 31/08/2019, NULO, NULO, ROUBO (ART. 157) - APLICATIVO DE MOBILIDADE URBANA, SAMSUNG
726, 31/08/2019, 157, FERRAZ DE VASCONCELOS, ROUBO (ART. 157) - TRANSEUNTE, NULO
1361, 28/02/2021, 157, CAMPINAS, A.I.-ROUBO (ART. 157) - VEICULO, XIAOMI
947, 01/01/2020, 157, GUARUJA, ROUBO (ART. 157) - OUTROS, SAMSUNG
892, 01/01/2020, 157, ITATIBA, ROUBO (ART. 157) - TRANSEUNTE, SAMSUNG
531, 31/01/2019, 155, BRAGANCA PAULISTA, FURTO (ART. 155) - OUTROS, MOTOROLA
782, 31/12/2019, 157, NULO, NULO, MOTOROLA
1062, 31/08/2020, 155, SOROCABA, FURTO QUALIFICADO (ART. 155) - OUTROS, SAMSUNG
577, 31/01/2019, 155, JUNDIAI, FURTO (ART. 155) - INTERIOR DE VEICULO, APPLE
1130, 23/06/2020, 155, PONTAL, FURTO QUALIFICADO (ART. 155) - TRANSEUNTE, SAMSUNG
1155, 11/05/2021, 155, EMBU-GUACU, FURTO (ART. 155) - TRANSEUNTE, NULO
819, 01/01/2020, 157, OSASCO, ROUBO (ART. 157) - INTERIOR DE VEICULO, MOTOROLA
541, 02/01/2019, 155, SERTAOZINHO, FURTO (ART. 155) - INTERIOR DE VEICULO, MOTOROLA
688, 09/01/2019, NULO, NULO, ROUBO (ART. 157) - INTERIOR DE VEICULO, MOTOROLA
1442, 25/02/2021, 157, ITANHAEM, ROUBO (ART. 157) - INTERIOR ESTABELECIMENTO, MOTOROLA
1074, 09/01/2020, 155, BAURU, FURTO (ART. 155) - OUTROS, MOTOROLA
712, 09/01/2019, 157, SANTA ISABEL, ROUBO (ART. 157) - TRANSEUNTE, NULO
1077, 09/01/2020, 155, HORTOLANDIA, FURTO (ART. 155) - TRANSEUNTE, SAMSUNG
777, 31/12/2019, 157, NULO, NULO, MOTOROLA
820, 01/01/2020, 157, UBATUBA, ROUBO (ART. 157) - TRANSEUNTE, SAMSUNG
1102, 30/08/2020, 155, CARAGUATATUBA, FURTO (ART. 155) - TRANSEUNTE, MOTOROLA
1036, 09/01/2020, 155, SUMARE, FURTO (ART. 155) - INTERIOR TRANSPORTE COLETIVO, MOTOROLA
108, 30/11/2018, 155, ARACATUBA, NULO, SAMSUNG
585, 28/08/2019, 157, SOROCABA, ROUBO (ART. 157) - OUTROS, SAMSUNG
249, 30/04/2018, 157, SAO JOSE DOS CAMPOS, NULO, MOTOROLA
874, 31/12/2019, 157, SUZANO, ROUBO (ART. 157) - VEICULO, MICROSOFT
290, 05/01/2018, 157, GUARULHOS, NULO, LENOVO
1129, 09/01/2020, 155, SAO JOSE DOS CAMPOS, FURTO (ART. 155) - OUTROS, MOTOROLA
645, 31/08/2019, 157, MOGI DAS CRUZES, ROUBO (ART. 157) - OUTROS, APPLE
674, 31/08/2019, NULO, NULO, ROUBO (ART. 157) - OUTROS, MOTOROLA
242, 30/04/2018, NULO, NULO, NULO, NULO
699, 31/08/2019, NULO, NULO, ROUBO (ART. 157) - OUTROS, SAMSUNG
694, 30/08/2019, NULO, NULO, ROUBO (ART. 157) - TRANSEUNTE, ASUS
69, 30/11/2018, 155, NULO, NULO, APPLE
149, 12/01/2018, 155, EMBU DAS ARTES, FURTO (ART. 155) - ESTABELECIMENTO COMERCIAL, NULO
668, 31/08/2019, 157, DIADEMA, ROUBO (ART. 157) - OUTROS, MOTOROLA
568, 26/01/2019, 155, SAO BERNARDO DO CAMPO, FURTO (ART. 155) - OUTROS, SAMSUNG
833, 01/01/2020, NULO, NULO, NULO, NULO
68, 29/11/2018, 155, NULO, NULO, MOTOROLA
1360, 28/02/2021, 157, CAMPINAS, A.I.-ROUBO (ART. 157) - VEICULO, XIAOMI
622, 31/08/2019, 129, ARTUR NOGUEIRA, LESAO CORPORAL (ART. 129), NULO
996, 24/08/2020, 155, OSASCO, FURTO (ART. 155) - OUTROS, MOTOROLA
338, 30/04/2018, 157, SAO VICENTE, ROUBO (ART. 157) - TRANSEUNTE, ALCATEL
740, 31/08/2019, 157, SANTOS, ROUBO (ART. 157) - OUTROS, MOTOROLA
711, 31/08/2019, 157, DIADEMA, ROUBO (ART. 157) - OUTROS, NULO
653, 31/08/2019, 157, CAMPINAS, ROUBO (ART. 157) - OUTROS, MOTOROLA
49, 30/11/2018, 155, NULO, FURTO (ART. 155) - OUTROS, SAMSUNG
980, 29/08/2020, 155, CARAPICUIBA, FURTO (ART. 155) - OUTROS, MOTOROLA
514, 01/02/2019, 155, SAO MIGUEL ARCANJO, FURTO (ART. 155) - OUTROS, MOTOROLA
156, 30/11/2018, 155, FRANCA, FURTO (ART. 155) - TRANSEUNTE, NULO
64, 28/11/2018, 155, NULO, FURTO (ART. 155) - INTERIOR ESTABELECIMENTO, MOTOROLA
5, 28/11/2018, 155, RIBEIRAO PRETO, FURTO (ART. 155) - INTERIOR DE VEICULO, MOTOROLA
1509, 22/01/2021, 157, SAO JOSE DOS CAMPOS, ROUBO (ART. 157) - TRANSEUNTE, MOTOROLA
657, 09/01/2019, 157, SUZANO, ROUBO (ART. 157) - TRANSEUNTE, SAMSUNG
1260, 30/11/2021, 155, SAO JOSE DOS CAMPOS, FURTO (ART. 155) - OUTROS, SAMSUNG
1456, 02/02/2021, 157, ITANHAEM, ROUBO (ART. 157) - OUTROS, MOTOROLA
244, 28/04/2018, 157, SAO SEBASTIAO, ROUBO (ART. 157) - TRANSEUNTE, SAMSUNG
837, 31/12/2019, NULO, NULO, NULO, NULO
1382, 28/02/2021, 157, ITUVERAVA, ROUBO (ART. 157) - VEICULO, MOTOROLA
360, 29/04/2018, 157, GUARULHOS, ROUBO (ART. 157) - INTERIOR DE VEICULO, SAMSUNG
250, 30/04/2018, 157, FERRAZ DE VASCONCELOS, NULO, SAMSUNG
678, 30/08/2019, NULO, NULO, ROUBO (ART. 157) - OUTROS, APPLE
320, 05/01/2018, 157, CARAPICUIBA, ROUBO (ART. 157) - OUTROS, MOTOROLA
1090, 29/08/2020, 147, MOGI MIRIM, AMEACA (ART. 147), NULO
45, 28/11/2018, 155, NULO, FURTO (ART. 155) - OUTROS, MOTOROLA
513, 31/01/2019, 155, RIOLANDIA, FURTO (ART. 155) - OUTROS, SAMSUNG
530, 19/01/2019, 155, GUARULHOS, FURTO (ART. 155) - RESIDENCIA, SAMSUNG
372, 30/04/2018, 157, PERUIBE, ROUBO (ART. 157) - TRANSEUNTE, MOTOROLA
1094, 29/08/2020, 155, CAPAO BONITO, FURTO (ART. 155) - OUTROS, OUTROS
473, 31/01/2019, 155, SAO BERNARDO DO CAMPO, FURTO (ART. 155) - INTERIOR TRANSPORTE COLETIVO, MOTOROLA
458, 23/01/2019, 155, AMERICANA, FURTO (ART. 155) - TRANSEUNTE, MOTOROLA
1330, 12/01/2021, NULO, NULO, NULO, NOKIA
498, 31/01/2019, 155, CERQUILHO, FURTO QUALIFICADO (ART. 155) - ESTABELECIMENTO COMERCIAL, OUTROS
342, 30/04/2018, 157, RIBEIRAO PRETO, ROUBO (ART. 157) - TRANSEUNTE, LG
425, 30/01/2019, 155, ASSIS, FURTO QUALIFICADO (ART. 155) - RESIDENCIA, APPLE
66, 30/11/2018, 155, NULO, FURTO (ART. 155) - OUTROS, APPLE
866, 01/01/2020, 157, CARAGUATATUBA, ROUBO (ART. 157) - TRANSEUNTE, LG
902, 01/01/2020, 157, MONGAGUA, ROUBO (ART. 157) - VEICULO, APPLE
1348, 29/11/2021, 155, CAMPINAS, FURTO (ART. 155) - OUTROS, SAMSUNG
1063, 09/01/2020, 155, BIRIGUI, FURTO (ART. 155) - OUTROS, SAMSUNG
1327, 12/01/2021, NULO, NULO, NULO, MOTOROLA
1080, 29/08/2020, 155, TABOAO DA SERRA, FURTO (ART. 155) - INTERIOR ESTABELECIMENTO, NULO
1342, 28/11/2021, 155, RIBEIRAO PRETO, FURTO (ART. 155) - TRANSEUNTE, OUTROS
538, 25/12/2018, 155, RIBEIRAO PRETO, FURTO QUALIFICADO (ART. 155) - RESIDENCIA, APPLE
271, 30/04/2018, 157, SANTO ANDRE, NULO, LG
1214, 29/11/2021, 155, PRAIA GRANDE, FURTO (ART. 155) - OUTROS, MOTOROLA
1174, 29/11/2021, 155, BOITUVA, FURTO (ART. 155) - OUTROS, SAMSUNG
899, 31/12/2019, 157, GUARULHOS, ROUBO (ART. 157) - TRANSEUNTE, SAMSUNG
565, 14/01/2019, 155, ITARARE, FURTO (ART. 155) - INTERIOR DE VEICULO, MOTOROLA
1137, 30/08/2020, 155, GUARUJA, FURTO (ART. 155) - OUTROS, MOTOROLA
1511, 28/02/2021, 157, MOGI DAS CRUZES, ROUBO (ART. 157) - VEICULO, APPLE
1093, 29/08/2020, 155, MOGI MIRIM, FURTO (ART. 155) - OUTROS, MOTOROLA
135, 30/11/2018, 155, AMERICANA, NULO, NULO
1401, 28/02/2021, 157, SUZANO, ROUBO (ART. 157) - OUTROS, SAMSUNG
683, 09/01/2019, NULO, NULO, ROUBO (ART. 157) - OUTROS, LG
832, 31/12/2019, NULO, NULO, NULO, NULO
1325, 12/01/2021, NULO, NULO, NULO, XIAOMI
34, 30/11/2018, 155, CAMPINAS, FURTO (ART. 155) - OUTROS, SAMSUNG
856, 01/01/2020, 157, MONGAGUA, ROUBO (ART. 157) - TRANSEUNTE, SAMSUNG
1131, 21/08/2020, 155, SOROCABA, FURTO (ART. 155) - OUTROS, SAMSUNG
392, 24/01/2019, 155, SUZANO, FURTO QUALIFICADO (ART. 155) - INTERIOR DE VEICULO, MOTOROLA
373, 30/04/2018, 157, PIRACICABA, ROUBO (ART. 157) - VEICULO, SAMSUNG
801, 31/12/2019, 157, TAUBATE, ROUBO (ART. 157) - TRANSEUNTE, SAMSUNG
143, 12/01/2018, 155, REGISTRO, FURTO (ART. 155) - TRANSEUNTE, NULO
523, 31/01/2019, 155, JAGUARIUNA, FURTO (ART. 155) - OUTROS, ALCATEL
791, 31/12/2019, 157, GUARUJA, ROUBO (ART. 157) - TRANSEUNTE, OUTROS
1067, 30/08/2020, 155, UBATUBA, FURTO (ART. 155) - OUTROS, MOTOROLA
400, 31/01/2019, 155, OSASCO, FURTO (ART. 155) - OUTROS, MOTOROLA
906, 01/01/2020, 157, ITANHAEM, ROUBO (ART. 157) - OUTROS, SAMSUNG
1432, 28/02/2020, 157, TABOAO DA SERRA, ROUBO (ART. 157) - OUTROS, SAMSUNG
624, 31/08/2019, 157, SANTO ANDRE, ROUBO (ART. 157) - OUTROS, LG
1053, 09/01/2020, 155, PEDREIRA, FURTO (ART. 155) - OUTROS, SAMSUNG
672, 09/01/2019, NULO, NULO, ROUBO (ART. 157) - TRANSEUNTE, SAMSUNG
201, 30/04/2018, NULO, OSASCO, ROUBO (ART. 157) - OUTROS, SAMSUNG
1328, 27/11/2021, NULO, NULO, NULO, SAMSUNG
1267, 30/11/2021, 155, ITAQUAQUECETUBA, FURTO (ART. 155) - OUTROS, MOTOROLA
786, 31/12/2019, 157, NULO, NULO, MOTOROLA
357, 30/04/2018, 157, ARACARIGUAMA, ROUBO (ART. 157) - VEICULO, SAMSUNG
623, 31/08/2019, 157, ARTUR NOGUEIRA, ROUBO (ART. 157) - TRANSEUNTE, MOTOROLA
1283, 30/11/2021, 155, CAMPINAS, FURTO (ART. 155) - OUTROS, MOTOROLA
267, 30/04/2018, 157, TABOAO DA SERRA, NULO, APPLE
292, 05/01/2018, 157, DIADEMA, NULO, SAMSUNG
1445, 03/01/2021, 157, FERRAZ DE VASCONCELOS, ROUBO (ART. 157) - OUTROS, ASUS
354, 30/04/2018, 157, ARACARIGUAMA, ROUBO (ART. 157) - CARGA, SAMSUNG
359, 29/04/2018, 157, TAUBATE, ROUBO (ART. 157) - ESTABELECIMENTO COMERCIAL, SAMSUNG
434, 31/01/2019, 155, OSASCO, FURTO (ART. 155) - OUTROS, MOTOROLA
752, 31/08/2019, 157, CARAPICUIBA, ROUBO (ART. 157) - TRANSEUNTE, SAMSUNG
14, 30/11/2018, 157, PIRAJUI, ROUBO (ART. 157) - TRANSEUNTE, SAMSUNG
1508, 26/02/2021, 157, SAO JOSE DOS CAMPOS, ROUBO (ART. 157) - TRANSEUNTE, SAMSUNG
380, 31/01/2019, 155, SAO JOSE DO RIO PRETO, FURTO QUALIFICADO (ART. 155) - INTERIOR DE VEICULO, SAMSUNG
268, 30/04/2018, 157, OSASCO, NULO, SANSUMG
1290, 30/11/2021, 155, ARUJA, FURTO (ART. 155) - OUTROS, ALCATEL
1350, 30/11/2021, 155, DESCALVADO, FURTO (ART. 155) - OUTROS, MOTOROLA
543, 02/01/2019, 155, BARRINHA, FURTO (ART. 155) - RESIDENCIA, SAMSUNG
1123, 31/08/2020, 155, NIPOA, FURTO (ART. 155) - OUTROS, SAMSUNG
849, 01/01/2020, 157, CARAGUATATUBA, ROUBO (ART. 157) - TRANSEUNTE, APPLE
567, 26/01/2019, 155, ILHABELA, FURTO (ART. 155) - OUTROS, SAMSUNG
1150, 31/08/2020, 155, BARUERI, FURTO (ART. 155) - INTERIOR ESTABELECIMENTO, SAMSUNG
1340, 30/11/2021, NULO, NULO, NULO, SAMSUNG
1315, 30/11/2021, NULO, NULO, NULO, OUTROS
1181, 09/01/2021, 155, SAO BERNARDO DO CAMPO, FURTO (ART. 155) - OUTROS, MOTOROLA
78, 29/11/2018, 155, NULO, NULO, MOTOROLA
928, 01/01/2020, 157, PERUIBE, ROUBO (ART. 157) - TRANSEUNTE, MOTOROLA
613, 31/07/2019, 157, CARAPICUIBA, ROUBO (ART. 157) - OUTROS, MOTOROLA
920, 01/01/2020, 157, BOITUVA, ROUBO (ART. 157) - VEICULO, LG
808, 01/01/2020, 157, CARAPICUIBA, ROUBO (ART. 157) - VEICULO, MOTOROLA
341, 05/01/2018, 157, SOROCABA, ROUBO (ART. 157) - TRANSEUNTE, SAMSUNG
1423, 03/01/2021, 157, SAO BERNARDO DO CAMPO, ROUBO (ART. 157) - OUTROS, OUTROS
830, 01/01/2020, NULO, NULO, NULO, NULO
917, 01/01/2020, 157, CARAGUATATUBA, ROUBO (ART. 157) - OUTROS, SAMSUNG
764, 09/01/2019, 157, GUARULHOS, ROUBO (ART. 157) - TRANSEUNTE, SAMSUNG
47, 15/11/2018, 155, NULO, FURTO (ART. 155) - OUTROS, APPLE
878, 01/01/2020, 157, SAO VICENTE, ROUBO (ART. 157) - TRANSEUNTE, MOTOROLA
1146, 09/01/2020, 155, SAO BERNARDO DO CAMPO, FURTO (ART. 155) - OUTROS, LG
1391, 28/02/2021, 157, RESTINGA, ROUBO (ART. 157) - VEICULO, ALCATEL
1145, 31/08/2020, 155, CAMPINAS, FURTO (ART. 155) - OUTROS, APPLE
799, 31/12/2019, 157, OSASCO, ROUBO (ART. 157) - OUTROS, MOTOROLA
63, 30/11/2018, 155, NULO, FURTO (ART. 155) - OUTROS, MOTOROLA
1147, 31/08/2020, 155, BARUERI, FURTO (ART. 155) - INTERIOR ESTABELECIMENTO, ASUS
1183, 30/11/2021, 155, GUARULHOS, FURTO (ART. 155) - OUTROS, APPLE
1407, 28/02/2021, 157, DIADEMA, ROUBO (ART. 157) - VEICULO, SAMSUNG
767, 31/08/2019, 157, TABOAO DA SERRA, ROUBO (ART. 157) - OUTROS, MOTOROLA
2, 30/11/2018, 155, MARILIA, FURTO (ART. 155) - OUTROS, APPLE
836, 01/01/2020, NULO, NULO, NULO, NULO
55, 30/11/2018, 155, NULO, FURTO (ART. 155) - TRANSEUNTE, MOTOROLA
887, 01/01/2020, 157, ITAQUAQUECETUBA, ROUBO (ART. 157) - VEICULO, MOTOROLA
146, 30/11/2018, 155, SANTOS, FURTO (ART. 155) - OUTROS, NULO
1133, 27/08/2020, 155, CAMPINAS, FURTO (ART. 155) - OUTROS, MOTOROLA
461, 30/01/2019, 155, BAURU, FURTO (ART. 155) - OUTROS, LG
114, 12/01/2018, 155, JABOTICABAL, NULO, NULO
476, 31/01/2019, 155, SANTO ANDRE, FURTO (ART. 155) - OUTROS, SAMSUNG
783, 31/12/2019, 157, NULO, NULO, MOTOROLA
889, 01/01/2020, 157, ITAQUAQUECETUBA, ROUBO (ART. 157) - VEICULO, MOTOROLA
945, 01/01/2020, 157, SANTO ANDRE, ROUBO (ART. 157) - OUTROS, SAMSUNG
589, 31/08/2019, 157, GUARUJA, ROUBO (ART. 157) - TRANSEUNTE, SAMSUNG
1057, 28/08/2020, 155, PERUIBE, FURTO (ART. 155) - INTERIOR DE VEICULO, SAMSUNG
1196, 20/11/2021, 155, GUARULHOS, FURTO (ART. 155) - OUTROS, APPLE
812, 01/01/2020, 157, COTIA, ROUBO (ART. 157) - VEICULO, MOTOROLA
664, 31/08/2019, 157, HORTOLANDIA, ROUBO (ART. 157) - VEICULO, SAMSUNG
112, 29/11/2018, 155, PIRACICABA, NULO, SAMSUNG
1086, 30/08/2020, 155, SAO CARLOS, FURTO (ART. 155) - OUTROS, MOTOROLA
61, 12/01/2018, 155, NULO, FURTO QUALIFICADO (ART. 155) - ESTABELECIMENTO COMERCIAL, SAMSUNG
1127, 09/01/2020, 155, PRESIDENTE PRUDENTE, FURTO (ART. 155) - OUTROS, LG
625, 30/08/2019, 157, EMBU DAS ARTES, ROUBO (ART. 157) - OUTROS, SAMSUNG
839, 31/12/2019, NULO, NULO, NULO, NULO
224, 30/04/2018, NULO, NULO, NULO, NULO
35, 30/11/2018, 155, CAIEIRAS, FURTO (ART. 155) - OUTROS, SAMSUNG
750, 09/01/2019, 157, RIO CLARO, ROUBO (ART. 157) - RESIDENCIA, SAMSUNG
841, 01/01/2020, NULO, NULO, NULO, NULO
1229, 30/11/2021, 155, JANDIRA, FURTO (ART. 155) - OUTROS, XIAOMI
1037, 31/08/2020, 155, ILHA SOLTEIRA, FURTO QUALIFICADO (ART. 155) - INTERIOR DE VEICULO, POSITIVO
877, 31/12/2019, 157, SUZANO, ROUBO (ART. 157) - VEICULO, SAMSUNG
1398, 03/01/2021, 157, JUNDIAI, ROUBO (ART. 157) - OUTROS, SAMSUNG
353, 30/04/2018, 157, ARACARIGUAMA, ROUBO (ART. 157) - CARGA, SAMSUNG
1392, 28/02/2021, 157, RESTINGA, ROUBO (ART. 157) - VEICULO, MOTOROLA
754, 09/01/2019, 157, CAMPINAS, ROUBO (ART. 157) - TRANSEUNTE, LG
991, 31/08/2020, 155, GUARULHOS, FURTO (ART. 155) - OUTROS, SAMSUNG
198, 29/11/2018, NULO, ITAPECERICA DA SERRA, FURTO QUALIFICADO (ART. 155) - RESIDENCIA, ALCATEL
1394, 28/02/2021, 157, CAMPINAS, ROUBO (ART. 157) - OUTROS, SAMSUNG
1172, 30/11/2021, 155, TABOAO DA SERRA, FURTO (ART. 155) - OUTROS, SAMSUNG
92, 30/11/2018, 155, AVANHANDAVA, NULO, SAMSUNG
157, 24/11/2018, 155, SAO JOSE DOS CAMPOS, FURTO (ART. 155) - OUTROS, NULO
1262, 30/11/2021, 155, CAMPINAS, FURTO (ART. 155) - OUTROS, XIAOMI
720, 31/08/2019, 157, ITAQUAQUECETUBA, ROUBO (ART. 157) - TRANSEUNTE, NULO
1032, 31/08/2020, 155, PRAIA GRANDE, FURTO (ART. 155) - OUTROS, OUTROS
54, 30/11/2018, 155, NULO, FURTO (ART. 155) - OUTROS, MOTOROLA
535, 31/01/2019, 155, MIRANDOPOLIS, FURTO QUALIFICADO (ART. 155) - ESTABELECIMENTO COMERCIAL, MOTOROLA
813, 01/01/2020, 157, UBATUBA, ROUBO (ART. 157) - TRANSEUNTE, SAMSUNG
676, 31/08/2019, NULO, NULO, ROUBO (ART. 157) - TRANSEUNTE, MOTOROLA
1264, 28/11/2021, 155, JAGUARIUNA, FURTO (ART. 155) - OUTROS, MOTOROLA
130, 12/01/2018, 155, SANTANA DE PARNAIBA, NULO, APPLE
110, 30/11/2018, 155, ITU, NULO, MOTOROLA
533, 31/01/2019, 155, BERTIOGA, FURTO (ART. 155) - TRANSEUNTE, SAMSUNG
10, 30/11/2018, 155, PIRAJUI, FURTO (ART. 155) - TRANSEUNTE, SAMSUNG
602, 31/08/2019, 157, OSASCO, ROUBO (ART. 157) - INTERIOR DE VEICULO, MOTOROLA
1324, 30/11/2021, NULO, NULO, NULO, SAMSUNG
846, 01/01/2020, NULO, NULO, NULO, NULO
232, 29/04/2018, NULO, NULO, NULO, NULO
648, 30/08/2019, 157, CARAPICUIBA, ROUBO (ART. 157) - OUTROS, MOTOROLA
644, 31/08/2019, 157, JOSE BONIFACIO, ROUBO (ART. 157) - OUTROS, MOTOROLA
679, 28/08/2019, NULO, NULO, ROUBO (ART. 157) - OUTROS, ASUS
937, 31/12/2019, 157, MONGAGUA, ROUBO (ART. 157) - OUTROS, SAMSUNG
815, 31/12/2019, 157, SANTO ANDRE, ROUBO (ART. 157) - OUTROS, SAMSUNG
1141, 30/08/2020, 155, PRAIA GRANDE, FURTO (ART. 155) - RESIDENCIA, MOTOROLA
180, 29/11/2018, NULO, ITAQUAQUECETUBA, FURTO (ART. 155) - OUTROS, MOTOROLA
1200, 26/11/2021, 155, JAGUARIUNA, FURTO (ART. 155) - OUTROS, APPLE
1212, 30/11/2021, 155, SAO JOSE DO RIO PRETO, FURTO (ART. 155) - OUTROS, APPLE
277, 05/01/2018, 157, SOROCABA, NULO, SAMSUNG
1370, 28/11/2020, 157, CAMPINAS, ROUBO (ART. 157) - OUTROS, OUTROS
1251, 30/11/2021, 155, OSASCO, FURTO (ART. 155) - OUTROS, SAMSUNG
798, 01/01/2020, 157, CARAGUATATUBA, ROUBO (ART. 157) - OUTROS, XIAOMI
525, 31/01/2019, 155, TATUI, FURTO (ART. 155) - OUTROS, MOTOROLA
115, 12/01/2018, 155, GUARATINGUETA, NULO, MOTOROLA
542, 30/01/2019, 155, ILHA SOLTEIRA, FURTO (ART. 155) - OUTROS, MOTOROLA
1362, 28/02/2021, 157, CAMPINAS, A.I.-ROUBO (ART. 157) - VEICULO, XIAOMI
1100, 29/08/2020, 155, ITANHAEM, FURTO (ART. 155) - INTERIOR ESTABELECIMENTO, MOTOROLA
1253, 20/11/2021, 155, DIADEMA, FURTO (ART. 155) - OUTROS, APPLE
154, 30/11/2018, 155, MONGAGUA, FURTO (ART. 155) - OUTROS, NULO
1029, 31/08/2020, 155, SUZANO, FURTO (ART. 155) - OUTROS, XIAOMI
89, 29/11/2018, 155, MONGAGUA, NULO, MULTILASER
1025, 20/08/2020, 155, SANTA ISABEL, FURTO (ART. 155) - OUTROS, MOTOROLA
1485, 28/02/2021, 157, NULO, NULO, ASUS
558, 02/01/2019, 155, SAO JOAO DA BOA VISTA, FURTO QUALIFICADO (ART. 155) - RESIDENCIA, SAMSUNG
693, 31/08/2019, NULO, NULO, ROUBO (ART. 157) - OUTROS, APPLE
834, 31/12/2019, NULO, NULO, NULO, NULO
582, 30/08/2019, 157, DIADEMA, ROUBO (ART. 157) - OUTROS, OUTROS
199, 29/11/2018, NULO, ITAPECERICA DA SERRA, FURTO QUALIFICADO (ART. 155) - RESIDENCIA, MOTOROLA
951, 31/12/2019, 157, GUARULHOS, ROUBO (ART. 157) - VEICULO, APPLE
1363, 28/02/2021, 157, CAMPINAS, A.I.-ROUBO (ART. 157) - VEICULO, XIAOMI
638, 31/08/2019, 157, COTIA, ROUBO (ART. 157) - OUTROS, MOTOROLA
1301, 12/01/2021, 155, GUARULHOS, FURTO (ART. 155) - OUTROS, APPLE
1316, 12/01/2021, NULO, NULO, NULO, SAMSUNG
844, 31/12/2019, NULO, NULO, NULO, NULO
310, 05/01/2018, 157, TABOAO DA SERRA, NULO, SAMSUNG
737, 09/01/2019, 157, CARAGUATATUBA, ROUBO (ART. 157) - RESIDENCIA, NULO
890, 01/01/2020, 157, MONGAGUA, ROUBO (ART. 157) - TRANSEUNTE, SAMSUNG
818, 01/01/2020, 157, OSASCO, ROUBO (ART. 157) - INTERIOR DE VEICULO, LENOVO
692, 31/08/2019, NULO, NULO, ROUBO (ART. 157) - VEICULO, SAMSUNG
1099, 27/08/2020, 155, SAO CARLOS, FURTO (ART. 155) - OUTROS, MOTOROLA
1519, 03/01/2021, 157, SAO JOSE DOS CAMPOS, ROUBO (ART. 157) - TRANSEUNTE, SAMSUNG
604, 09/01/2019, 157, SAO JOSE DOS CAMPOS, ROUBO (ART. 157) - TRANSEUNTE, APPLE
1365, 28/02/2021, 157, CAMPINAS, ROUBO (ART. 157) - VEICULO, XIAOMI
1039, 09/01/2020, 155, FRANCA, FURTO QUALIFICADO (ART. 155) - ESTABELECIMENTO-OUTROS, NULO
496, 30/01/2019, 155, CAJATI, FURTO (ART. 155) - ESTABELECIMENTO COMERCIAL, MOTOROLA
1484, 28/02/2021, 157, NULO, NULO, MOTOROLA
680, 09/01/2019, NULO, NULO, ROUBO (ART. 157) - INTERIOR DE VEICULO, SAMSUNG
158, 12/01/2018, 155, ITANHAEM, FURTO QUALIFICADO (ART. 155) - RESIDENCIA, NULO
217, 30/04/2018, NULO, MAUA, ROUBO (ART. 157) - TRANSEUNTE, SAMSUNG
938, 31/12/2019, 157, GUARULHOS, ROUBO (ART. 157) - VEICULO, SAMSUNG
1304, 30/11/2021, 155, SANTO ANDRE, FURTO (ART. 155) - OUTROS, MOTOROLA
1420, 03/01/2021, 157, SANTO ANDRE, ROUBO (ART. 157) - OUTROS, APPLE
718, 31/08/2019, 157, CARAPICUIBA, ROUBO (ART. 157) - TRANSEUNTE, NULO
1472, 28/02/2021, 157, NULO, NULO, LG
170, 12/01/2018, NULO, SOROCABA, FURTO (ART. 155) - OUTROS, NULO
429, 31/01/2019, 155, GUARULHOS, FURTO (ART. 155) - OUTROS, MOTOROLA
1465, 02/03/2021, 157, CARAPICUIBA, ROUBO (ART. 157) - TRANSEUNTE, XIAOMI
1419, 28/02/2021, 157, SAO CAETANO DO SUL, ROUBO (ART. 157) - TRANSEUNTE, APPLE
243, 30/04/2018, NULO, NULO, NULO, NULO
759, 31/08/2019, 157, VINHEDO, ROUBO (ART. 157) - TRANSEUNTE, APPLE
755, 31/08/2019, 157, SAO PEDRO, ROUBO (ART. 157) - RESIDENCIA, ASUS
207, 30/04/2018, NULO, PRAIA GRANDE, ROUBO (ART. 157) - TRANSEUNTE, MOTOROLA
299, 05/01/2018, 157, SANTO ANDRE, NULO, MOTOROLA
1339, 12/01/2021, NULO, NULO, NULO, XIAOMI
1515, 25/02/2021, 157, SUZANO, ROUBO (ART. 157) - OUTROS, SAMSUNG
204, 30/04/2018, NULO, SANTO ANDRE, ROUBO (ART. 157) - TRANSEUNTE, MOTOROLA
117, 12/01/2018, 147, SAO JOAQUIM DA BARRA, NULO, NULO
1211, 30/11/2021, 155, SANTO ANDRE, FURTO (ART. 155) - OUTROS, MOTOROLA
148, 12/01/2018, 155, APARECIDA, FURTO (ART. 155) - OUTROS, NULO
1001, 30/08/2020, 155, PRAIA GRANDE, FURTO (ART. 155) - OUTROS, SAMSUNG
1507, 26/02/2021, 157, SAO JOSE DOS CAMPOS, ROUBO (ART. 157) - TRANSEUNTE, MOTOROLA
46, 30/11/2018, 155, NULO, FURTO (ART. 155) - OUTROS, MOTOROLA
673, 30/08/2019, NULO, NULO, ROUBO (ART. 157) - OUTROS, ASUS
1510, 23/02/2021, 157, GUARULHOS, ROUBO (ART. 157) - TRANSEUNTE, MOTOROLA
197, 12/01/2018, NULO, ARARAQUARA, FURTO (ART. 155) - TRANSEUNTE, LG
1237, 30/11/2021, 155, EMBU DAS ARTES, FURTO (ART. 155) - TRANSEUNTE, MOTOROLA
1434, 25/02/2021, 157, LINS, ROUBO (ART. 157) - OUTROS, MOTOROLA
369, 28/04/2018, 157, GUAREI, A.I.-ROUBO (ART. 157) - ESTABELECIMENTO COMERCIAL, MOTOROLA
825, 01/01/2020, 157, GUARUJA, ROUBO (ART. 157) - TRANSEUNTE, APPLE
1142, 09/01/2020, 155, SAO VICENTE, FURTO (ART. 155) - TRANSEUNTE, SAMSUNG
779, 31/12/2019, 157, NULO, NULO, APPLE
546, 31/01/2019, 155, SANTO ANDRE, FURTO (ART. 155) - OUTROS, SAMSUNG
1526, 03/01/2021, 157, RIBEIRAO PRETO, ROUBO (ART. 157) - OUTROS, SAMSUNG
1481, 28/02/2021, 157, NULO, NULO, SAMSUNG
1518, 28/02/2021, 157, GUARUJA, ROUBO (ART. 157) - RESIDENCIA, APPLE
1220, 27/11/2021, 155, COTIA, FURTO (ART. 155) - OUTROS, MOTOROLA
81, 12/01/2018, 155, SANTANA DE PARNAIBA, NULO, LG
356, 30/04/2018, 157, ARACARIGUAMA, ROUBO (ART. 157) - VEICULO, SAMSUNG
238, 30/04/2018, NULO, NULO, NULO, NULO
1091, 29/08/2020, 129, MOGI MIRIM, LESAO CORPORAL (ART 129), NULO
1284, 30/11/2021, 155, SAO BERNARDO DO CAMPO, FURTO (ART. 155) - OUTROS, SAMSUNG
58, 30/11/2014, 155, NULO, FURTO (ART. 155) - OUTROS, MOTOROLA
826, 01/01/2020, 157, CAMPINAS, ROUBO (ART. 157) - VEICULO, SAMSUNG
118, 12/01/2018, 155, SAO JOAQUIM DA BARRA, NULO, LENOVO
1487, 26/02/2021, 157, ITAQUAQUECETUBA, ROUBO (ART. 157) - INTERIOR DE VEICULO, MOTOROLA
1066, 31/08/2020, 155, CAJAMAR, FURTO (ART. 155) - OUTROS, LG
1447, 27/02/2021, 157, ARUJA, ROUBO (ART. 157) - TRANSEUNTE, LG
1295, 12/01/2021, 155, SANTO ANDRE, FURTO (ART. 155) - OUTROS, OUTROS
1425, 28/02/2021, 157, BARUERI, ROUBO (ART. 157) - OUTROS, SAMSUNG
213, 28/04/2018, NULO, ITAQUAQUECETUBA, ROUBO (ART. 157) - INTERIOR DE VEICULO, SAMSUNG
537, 25/12/2018, 155, RIBEIRAO PRETO, FURTO (ART. 155) - VEICULO, APPLE
1399, 03/01/2021, 157, SAO VICENTE, ROUBO (ART. 157) - OUTROS, SAMSUNG
1087, 31/08/2020, 155, FRANCO DA ROCHA, FURTO (ART. 155) - RESIDENCIA, SAMSUNG
845, 01/01/2020, NULO, NULO, NULO, NULO
880, 31/12/2019, 157, POA, ROUBO (ART. 157) - VEICULO, SAMSUNG
778, 31/12/2019, 158, NULO, NULO, NULO
203, 27/04/2018, NULO, TABOAO DA SERRA, ROUBO (ART. 157) - TRANSEUNTE, SAMSUNG
713, 30/08/2019, 157, PIRACICABA, ROUBO (ART. 157) - VEICULO, NULO
781, 31/12/2019, 157, NULO, NULO, MOTOROLA
366, 30/04/2018, 157, OSASCO, ROUBO (ART. 157) - TRANSEUNTE, SAMSUNG
1351, 31/05/2021, 155, MOGI DAS CRUZES, FURTO (ART. 155) - RESIDENCIA, APPLE
580, 31/08/2019, 157, PRAIA GRANDE, ROUBO (ART. 157) - OUTROS, MOTOROLA
1379, 24/02/2021, 157, CAMPINAS, ROUBO (ART. 157) - TRANSEUNTE, SAMSUNG
600, 31/08/2019, 329, CARAPICUIBA, RESISTENCIA (ART. 329), NULO
1287, 30/11/2021, 155, SANTO ANDRE, FURTO (ART. 155) - OUTROS, APPLE
1352, 31/05/2021, 180, MOGI DAS CRUZES, RECEPTACAO (ART. 180) - OUTROS, NULO
548, 31/01/2019, 155, SANTO ANTONIO DA ALEGRIA, FURTO QUALIFICADO (ART. 155) - RESIDENCIA, LG
1395, 28/02/2021, 157, GUARULHOS, ROUBO (ART. 157) - TRANSEUNTE, SAMSUNG
1285, 29/11/2021, 155, ITAQUAQUECETUBA, FURTO (ART. 155) - OUTROS, SAMSUNG
690, 31/08/2019, NULO, NULO, ROUBO (ART. 157) - OUTROS, SAMSUNG
562, 02/01/2019, 155, CATANDUVA, FURTO (ART. 155) - ESTABELECIMENTO-OUTROS, SAMSUNG
75, 29/11/2018, 155, NULO, NULO, MOTOROLA
785, 31/12/2019, 157, NULO, NULO, MOTOROLA
579, 31/08/2019, 157, SAO BERNARDO DO CAMPO, ROUBO (ART. 157) - VEICULO, SAMSUNG
1071, 09/01/2020, 155, SAO BERNARDO DO CAMPO, FURTO (ART. 155) - OUTROS, MOTOROLA
1364, 28/02/2021, 157, CAMPINAS, A.I.-ROUBO (ART. 157) - VEICULO, XIAOMI
559, 01/01/2019, 155, GUARACI, FURTO (ART. 155) - TRANSEUNTE, SAMSUNG
1148, 31/08/2020, 155, BARUERI, FURTO (ART. 155) - INTERIOR ESTABELECIMENTO, LG
522, 23/01/2019, 155, SALTO DE PIRAPORA, FURTO (ART. 155) - INTERIOR DE VEICULO, LG
116, 12/01/2018, 21, SAO JOAQUIM DA BARRA, NULO, NULO
7, 30/11/2018, 155, GUARULHOS, FURTO (ART. 155) - OUTROS, APPLE
756, 31/08/2019, 157, SAO PEDRO, ROUBO (ART. 157) - RESIDENCIA, MOTOROLA
1516, 03/01/2021, 157, ITANHAEM, ROUBO (ART. 157) - TRANSEUNTE, MOTOROLA
682, 31/08/2019, NULO, NULO, ROUBO (ART. 157) - OUTROS, APPLE
406, 25/01/2019, 155, GUARULHOS, FURTO (ART. 155) - OUTROS, SAMSUNG
1331, 29/11/2021, NULO, NULO, NULO, SAMSUNG
483, 30/01/2019, 155, GUARUJA, FURTO (ART. 155) - VEICULO, MOTOROLA
329, 05/01/2018, 157, SANTOS, ROUBO (ART. 157) - OUTROS, MOTOROLA
695, 31/08/2019, NULO, NULO, ROUBO (ART. 157) - OUTROS, SAMSUNG
529, 02/01/2019, 155, GUARUJA, FURTO (ART. 155) - OUTROS, SAMSUNG
1302, 30/11/2021, 155, TAQUARITUBA, FURTO (ART. 155) - RESIDENCIA, SAMSUNG
1333, 12/01/2021, NULO, NULO, NULO, SAMSUNG
916, 01/01/2020, 157, ITATIBA, ROUBO (ART. 157) - OUTROS, XIAOMI
520, 23/01/2019, 155, RIO CLARO, FURTO QUALIFICADO (ART. 155) - ESTABELECIMENTO COMERCIAL, LG
842, 01/01/2020, NULO, NULO, NULO, NULO
1471, 28/02/2021, 157, NULO, NULO, LG
686, 09/01/2019, NULO, NULO, ROUBO (ART. 157) - TRANSEUNTE, SAMSUNG
1430, 28/02/2021, 157, SERTAOZINHO, ROUBO (ART. 157) - TRANSEUNTE, SAMSUNG
1433, 25/02/2021, 147, LINS, AMEACA (ART. 147), NULO
738, 31/08/2019, 157, DIADEMA, ROUBO (ART. 157) - OUTROS, NULO
532, 31/01/2019, 155, REGISTRO, FURTO (ART. 155) - ESTABELECIMENTO-OUTROS, APPLE
1354, 28/02/2021, 157, GUARUJA, ROUBO (ART. 157) - VEICULO, APPLE
137, 12/01/2018, 155, JALES, FURTO (ART. 155) - INTERIOR ESTABELECIMENTO, NULO
74, 30/11/2018, 155, NULO, NULO, MOTOROLA
241, 30/04/2018, NULO, NULO, NULO, NULO
411, 28/01/2019, 155, SAO CRUZ DO RIO PARDO, FURTO (ART. 155) - OUTROS, SAMSUNG
1421, 28/02/2021, 157, FRANCISCO MORATO, ROUBO (ART. 157) - TRANSEUNTE, MOTOROLA
107, 12/01/2018, 155, PRESIDENTE PRUDENTE, NULO, NULO
495, 29/01/2019, 155, CARAPICUIBA, FURTO (ART. 155) - OUTROS, APPLE
87, 11/12/2018, 155, GUARULHOS, NULO, SAMSUNG
188, 30/11/2018, NULO, CRUZEIRO, FURTO QUALIFICADO (ART. 155) - TRANSEUNTE, SAMSUNG
551, 21/01/2019, 155, DRACENA, FURTO (ART. 155) - RESIDENCIA, SAMSUNG
53, 29/11/2018, 155, NULO, FURTO (ART. 155) - OUTROS, APPLE
363, 30/04/2018, 157, CAMPINAS, ROUBO (ART. 157) - INTERIOR ESTABELECIMENTO, SAMSUNG
220, 30/04/2018, NULO, NULO, NULO, NULO
227, 30/04/2018, NULO, NULO, NULO, NULO
8, 30/11/2018, 155, GUARULHOS, FURTO (ART. 155) - OUTROS, MOTOROLA
1178, 30/11/2021, 155, SUZANO, FURTO (ART. 155) - OUTROS, SAMSUNG
811, 31/12/2019, 157, GUARULHOS, ROUBO (ART. 157) - VEICULO, HUAWEI
730, 31/08/2019, 157, SANTOS, ROUBO (ART. 157) - OUTROS, NULO
739, 09/01/2019, 157, GUARULHOS, ROUBO (ART. 157) - OUTROS, NULO
467, 31/01/2019, 155, SANTOS, FURTO (ART. 155) - OUTROS, SAMSUNG
1378, 28/02/2021, 157, BIRIGUI, ROUBO (ART. 157) - TRANSEUNTE, MOTOROLA
952, 31/12/2019, 157, GUARULHOS, ROUBO (ART. 157) - VEICULO, ASUS
1122, 09/01/2020, 155, SAO VICENTE, FURTO (ART. 155) - TRANSEUNTE, LENOVO
1332, 30/11/2021, NULO, NULO, NULO, SAMSUNG
1021, 30/08/2020, 155, SUMARE, FURTO (ART. 155) - OUTROS, NULO
852, 01/01/2020, 157, MONGAGUA, ROUBO (ART. 157) - OUTROS, MOTOROLA
1224, 30/11/2021, 155, CAMPINAS, FURTO (ART. 155) - OUTROS, SAMSUNG
814, 31/12/2019, 157, TABOAO DA SERRA, ROUBO (ART. 157) - VEICULO, NOKIA
800, 31/12/2019, 157, MOGI DAS CRUZES, ROUBO (ART. 157) - TRANSEUNTE, MOTOROLA
1474, 27/02/2021, 157, NULO, NULO, NULO
941, 30/12/2019, 157, MAUA, ROUBO (ART. 157) - TRANSEUNTE, SAMSUNG
770, 09/01/2019, 157, CAMPINAS, ROUBO (ART. 157) - OUTROS, MOTOROLA
51, 30/11/2018, 155, NULO, FURTO (ART. 155) - OUTROS, SAMSUNG
817, 01/01/2020, 157, OSASCO, ROUBO (ART. 157) - INTERIOR DE VEICULO, APPLE
646, 09/01/2019, 157, MOGI DAS CRUZES, ROUBO (ART. 157) - TRANSEUNTE, LG
1195, 28/11/2021, 155, ITAQUAQUECETUBA, FURTO (ART. 155) - OUTROS, MOTOROLA
1004, 31/08/2020, 155, FRANCISCO MORATO, FURTO (ART. 155) - TRANSEUNTE, SAMSUNG
234, 30/04/2018, NULO, NULO, NULO, NULO
1403, 27/02/2021, 157, PEDERNEIRAS, ROUBO (ART. 157) - TRANSEUNTE, MOTOROLA
67, 30/11/2018, 155, NULO, NULO, SAMSUNG
566, 02/01/2019, 155, ILHA COMPRIDA, FURTO (ART. 155) - OUTROS, LG
1125, 09/01/2020, 155, GUARUJA, FURTO (ART. 155) - OUTROS, MOTOROLA
1326, 30/11/2021, NULO, NULO, NULO, APPLE
276, 30/04/2018, 157, JACAREI, NULO, MOTOROLA
235, 29/04/2018, NULO, NULO, NULO, NULO
828, 01/01/2020, NULO, NULO, NULO, NULO
700, 09/01/2019, NULO, NULO, ROUBO (ART. 157) - INTERIOR DE VEICULO, SAMSUNG
1089, 28/08/2020, 155, GUARULHOS, FURTO (ART. 155) - OUTROS, ASUS
898, 01/01/2020, 157, CAMPINAS, ROUBO (ART. 157) - VEICULO, MOTOROLA
804, 01/01/2020, 157, PRAIA GRANDE, ROUBO (ART. 157) - TRANSEUNTE, ALCATEL
1076, 29/08/2020, 155, RIBEIRAO PRETO, FURTO (ART. 155) - OUTROS, SAMSUNG
1225, 29/11/2021, 155, RIBEIRAO PRETO, FURTO (ART. 155) - OUTROS, MOTOROLA
258, 30/04/2018, 157, GUARULHOS, NULO, MOTOROLA
48, 29/11/2018, 155, NULO, FURTO (ART. 155) - OUTROS, SAMSUNG
675, 31/08/2019, NULO, NULO, ROUBO (ART. 157) - TRANSEUNTE, APPLE
16, 30/11/2018, 155, SAO BERNARDO DO CAMPO, FURTO (ART. 155) - OUTROS, SAMSUNG
940, 01/01/2020, 157, PRAIA GRANDE, ROUBO (ART. 157) - OUTROS, SAMSUNG
1216, 30/11/2021, 155, CAMPINAS, FURTO (ART. 155) - OUTROS, APPLE
370, 28/04/2018, 157, GUAREI, ROUBO (ART. 157) - ESTABELECIMENTO COMERCIAL, MOTOROLA
1467, 28/02/2021, 157, GUARULHOS, ROUBO (ART. 157) - OUTROS, OUTROS
583, 30/08/2019, 157, OSASCO, ROUBO (ART. 157) - OUTROS, SAMSUNG
1051, 08/01/2020, 155, ATIBAIA, FURTO (ART. 155) - TRANSEUNTE, SAMSUNG
840, 01/01/2020, NULO, NULO, NULO, NULO
222, 30/04/2018, NULO, NULO, NULO, NULO
1055, 31/08/2020, 155, BURITAMA, FURTO (ART. 155) - OUTROS, MOTOROLA
72, 12/01/2018, 155, NULO, NULO, SAMSUNG
391, 31/01/2019, 155, SUMARE, FURTO (ART. 155) - OUTROS, SAMSUNG
1113, 28/08/2020, 155, GUARUJA, FURTO (ART. 155) - OUTROS, LG
62, 29/11/2018, 155, NULO, FURTO (ART. 155) - TRANSEUNTE, APPLE
979, 28/08/2020, 155, OSASCO, FURTO (ART. 155) - OUTROS, LG
57, 12/01/2018, 155, NULO, FURTO (ART. 155) - OUTROS, LG
853, 01/01/2020, 157, GUARUJA, ROUBO (ART. 157) - TRANSEUNTE, APPLE
1400, 25/02/2021, 157, CARAPICUIBA, ROUBO (ART. 157) - OUTROS, LG
663, 09/01/2019, 157, AMERICANA, ROUBO (ART. 157) - TRANSEUNTE, LENOVO
210, 30/04/2018, NULO, COTIA, ROUBO (ART. 157) - VEICULO, MOTOROLA
1427, 28/02/2021, 157, SAO JOSE DOS CAMPOS, ROUBO (ART. 157) - TRANSEUNTE, SAMSUNG
871, 22/12/2019, 157, FRANCISCO MORATO, ROUBO (ART. 157) - OUTROS, MOTOROLA
378, 30/04/2018, 157, SAO VICENTE, ROUBO (ART. 157) - ESTABELECIMENTO COMERCIAL, MOTOROLA
352, 30/04/2018, 157, ARACARIGUAMA, ROUBO (ART. 157) - CARGA, SAMSUNG
1242, 29/11/2021, 155, CAMPINAS, FURTO (ART. 155) - OUTROS, MOTOROLA
591, 09/01/2019, 157, CAMPINAS, ROUBO (ART. 157) - VEICULO, SAMSUNG
607, 31/08/2019, 157, COTIA, ROUBO (ART. 157) - VEICULO, MOTOROLA
1092, 29/08/2020, 163, MOGI MIRIM, DANO (ART. 163), NULO
52, 30/11/2018, 155, NULO, FURTO (ART. 155) - OUTROS, SAMSUNG
760, 31/08/2019, 157, VINHEDO, ROUBO (ART. 157) - TRANSEUNTE, SAMSUNG
1203, 28/11/2021, 155, SAO JOSE DO RIO PRETO, FURTO (ART. 155) - OUTROS, APPLE
1486, 28/02/2021, 157, NULO, NULO, ASUS
1050, 13/08/2020, 155, VOTUPORANGA, FURTO (ART. 155) - OUTROS, MOTOROLA
128, 11/01/2018, 155, NOVA ODESSA, NULO, MOTOROLA
838, 31/12/2019, NULO, NULO, NULO, NULO
895, 31/12/2019, 157, OSASCO, ROUBO (ART. 157) - TRANSEUNTE, MOTOROLA
606, 31/08/2019, 157, COTIA, ROUBO (ART. 157) - VEICULO, MOTOROLA
176, 12/01/2018, NULO, ARARAS, FURTO (ART. 155) - TRANSEUNTE, MOTOROLA
721, 30/08/2019, 157, SANTO ANDRE, ROUBO (ART. 157) - OUTROS, NULO
1118, 29/08/2020, 155, ESPIRITO SANTO PINHAL, FURTO QUALIFICADO (ART. 155) - RESIDENCIA, OUTROS
1308, 29/11/2021, 155, JOSE BONIFACIO, FURTO (ART. 155) - ESTABELECIMENTO COMERCIAL, MOTOROLA
1052, 31/08/2020, 155, REGISTRO, FURTO (ART. 155) - ESTABELECIMENTO COMERCIAL, APPLE
60, 12/01/2018, 155, NULO, FURTO QUALIFICADO (ART. 155) - ESTABELECIMENTO COMERCIAL, NOKIA
997, 29/08/2020, 155, MOGI DAS CRUZES, FURTO (ART. 155) - OUTROS, SAMSUNG
1446, 03/01/2021, 157, FERRAZ DE VASCONCELOS, ROUBO (ART. 157) - OUTROS, MOTOROLA
226, 30/04/2018, NULO, NULO, NULO, NULO
1190, 28/11/2021, 155, ITAPEVI, FURTO (ART. 155) - OUTROS, SAMSUNG
97, 28/11/2018, 155, JUNDIAI, NULO, SAMSUNG
746, 31/08/2019, 157, GUARATINGUETA, ROUBO (ART. 157) - TRANSEUNTE, SAMSUNG
1390, 03/01/2021, 157, SANTOS, ROUBO (ART. 157) - OUTROS, APPLE
471, 31/01/2019, 155, SANTO ANDRE, FURTO QUALIFICADO (ART. 155) - INTERIOR TRANSPORTE COLETIVO, SAMSUNG
315, 05/01/2018, 157, TABOAO DA SERRA, ROUBO (ART. 157) - TRANSEUNTE, SAMSUNG
1479, 25/02/2021, 157, NULO, NULO, LG
1338, 12/01/2021, NULO, NULO, NULO, SAMSUNG
1318, 13/11/2021, NULO, NULO, NULO, APPLE
1154, 23/10/2021, 155, CAMPINAS, FURTO (ART. 155) - OUTROS, SAMSUNG
30, 29/11/2018, 155, OSASCO, FURTO (ART. 155) - OUTROS, SAMSUNG
753, 09/01/2019, 157, FRANCISCO MORATO, ROUBO (ART. 157) - TRANSEUNTE, SAMSUNG
847, 01/01/2020, NULO, NULO, NULO, NULO
717, 31/08/2019, 157, VINHEDO, ROUBO (ART. 157) - INTERIOR DE VEICULO, NULO
1367, 28/02/2021, 157, CAMPINAS, ROUBO (ART. 157) - VEICULO, XIAOMI
539, 25/12/2018, 155, RIBEIRAO PRETO, FURTO QUALIFICADO (ART. 155) - RESIDENCIA, APPLE
1388, 28/02/2021, 157, RIBEIRAO PRETO, ROUBO (ART. 157) - OUTROS, SAMSUNG
875, 31/12/2019, 157, SUZANO, ROUBO (ART. 157) - VEICULO, SAMSUNG
989, 31/08/2020, 155, CARAPICUIBA, FURTO (ART. 155) - OUTROS, SAMSUNG
459, 31/01/2018, 155, SAO JOSE DOS CAMPOS, FURTO (ART. 155) - OUTROS, APPLE
59, 30/11/2018, 155, NULO, FURTO (ART. 155) - OUTROS, SAMSUNG
93, 24/11/2018, 155, LORENA, NULO, POSITIVO
133, 30/11/2018, 155, SAO JOSE DOS CAMPOS, NULO, NULO
932, 31/12/2019, 157, SANTO ANDRE, ROUBO (ART. 157) - RESIDENCIA, SAMSUNG
1483, 28/02/2021, 157, NULO, NULO, SAMSUNG
654, 30/08/2019, 157, COTIA, ROUBO (ART. 157) - TRANSEUNTE, MOTOROLA
590, 31/08/2019, 157, DIADEMA, ROUBO (ART. 157) - OUTROS, MOTOROLA
1317, 30/11/2021, NULO, NULO, NULO, MOTOROLA
168, 30/11/2018, NULO, ITAPEVI, FURTO (ART. 155) - OUTROS, NULO
724, 31/08/2019, 157, DIADEMA, ROUBO (ART. 157) - APLICATIVO DE MOBILIDADE URBANA, NULO
1372, 28/02/2021, 157, ITAQUAQUECETUBA, ROUBO (ART. 157) - TRANSEUNTE, MOTOROLA
1041, 09/01/2020, 155, SANTANA DE PARNAIBA, FURTO (ART. 155) - OUTROS, OUTROS
805, 01/01/2020, 157, PRAIA GRANDE, ROUBO (ART. 157) - TRANSEUNTE, SAMSUNG
1110, 09/01/2020, 155, REGENTE FEIJO, FURTO (ART. 155) - INTERIOR DE VEICULO, SAMSUNG
1319, 30/11/2021, NULO, NULO, NULO, MOTOROLA
807, 31/12/2019, 157, BARUERI, ROUBO (ART. 157) - VEICULO, MOTOROLA
487, 31/01/2019, 155, TAUBATE, FURTO (ART. 155) - RESIDENCIA, SAMSUNG
298, 30/04/2018, 157, TABOAO DA SERRA, NULO, MOTOROLA
368, 30/04/2018, 157, FRANCO DA ROCHA, ROUBO (ART. 157) - TRANSEUNTE, MOTOROLA
294, 05/01/2018, 157, SAO BERNARDO DO CAMPO, NULO, MOTOROLA
631, 31/08/2019, 157, HORTOLANDIA, ROUBO (ART. 157) - OUTROS, MOTOROLA
419, 24/01/2019, 155, ILHABELA, FURTO (ART. 155) - OUTROS, MOTOROLA
305, 05/01/2018, 157, SUZANO, NULO, MOTOROLA
1320, 30/11/2021, NULO, NULO, NULO, APPLE
307, 05/01/2018, 157, SUZANO, NULO, MOTOROLA
1356, 28/02/2021, 157, GUARUJA, ROUBO (ART. 157) - VEICULO, SAMSUNG
806, 31/12/2019, 157, BARUERI, ROUBO (ART. 157) - VEICULO, MOTOROLA
1149, 31/08/2020, 155, BARUERI, FURTO (ART. 155) - INTERIOR ESTABELECIMENTO, MOTOROLA
1444, 28/02/2020, 157, TABOAO DA SERRA, ROUBO (ART. 157) - OUTROS, SAMSUNG
524, 26/01/2019, 155, IPORANGA, FURTO (ART. 155) - OUTROS, OUTROS
1059, 19/08/2020, 155, GUATAPARA, FURTO (ART. 155) - OUTROS, SAMSUNG
1031, 29/08/2020, 155, SAO GERTRUDES, FURTO (ART. 155) - OUTROS, MOTOROLA
56, 12/01/2018, 155, NULO, FURTO (ART. 155) - TRANSEUNTE, ASUS
1475, 18/02/2021, 157, NULO, NULO, SAMSUNG
1221, 28/11/2021, 155, JAGUARIUNA, FURTO (ART. 155) - OUTROS, SAMSUNG
1027, 09/01/2020, 155, SANTOS, FURTO (ART. 155) - OUTROS, APPLE
257, 30/04/2018, 157, SANTO ANDRE, NULO, IPHONE
297, 30/04/2018, 157, MAUA, NULO, SAMSUNG
240, 29/04/2018, NULO, NULO, NULO, NULO
950, 01/01/2020, 157, MONGAGUA, ROUBO (ART. 157) - OUTROS, MOTOROLA
1046, 29/08/2020, 155, PIRASSUNUNGA, FURTO (ART. 155) - OUTROS, MOTOROLA
183, 30/11/2018, NULO, ITU, FURTO (ART. 155) - OUTROS, MOTOROLA
221, 30/04/2018, NULO, NULO, NULO, NULO
475, 26/01/2019, 155, ITANHAEM, FURTO (ART. 155) - OUTROS, MOTOROLA
809, 01/01/2020, 157, RIBEIRAO PRETO, ROUBO (ART. 157) - TRANSEUNTE, MOTOROLA
687, 31/08/2019, NULO, NULO, ROUBO (ART. 157) - TRANSEUNTE, MOTOROLA
696, 09/01/2019, NULO, NULO, ROUBO (ART. 157) - TRANSEUNTE, SAMSUNG
827, 01/01/2020, NULO, NULO, NULO, NULO
283, 30/04/2018, 157, RIBEIRAO PRETO, NULO, SAMSUNG
417, 31/01/2019, 155, SANTO ANDRE, FURTO (ART. 155) - OUTROS, MOTOROLA
43, 16/10/2018, 155, NULO, FURTO (ART. 155) - OUTROS, MOTOROLA
1512, 28/02/2021, 157, MOGI DAS CRUZES, ROUBO (ART. 157) - VEICULO, APPLE
123, 15/10/2018, 155, SOROCABA, NULO, LG
1084, 29/08/2020, 155, OSASCO, FURTO (ART. 155) - OUTROS, SAMSUNG
1461, 20/01/2021, 157, AMERICANA, ROUBO (ART. 157) - TRANSEUNTE, XIAOMI
519, 12/11/2018, 155, SANTO ANDRE, FURTO (ART. 155) - OUTROS, SAMSUNG
71, 30/11/2018, 155, NULO, NULO, MOTOROLA
306, 05/01/2018, 157, SUZANO, NULO, ASUS
515, 02/01/2019, 155, CATANDUVA, FURTO (ART. 155) - INTERIOR DE VEICULO, SAMSUNG
42, 30/11/2018, 155, NULO, FURTO (ART. 155) - OUTROS, SAMSUNG
1489, 28/02/2021, 157, CAMPO LIMPO PAULISTA, ROUBO (ART. 157) - VEICULO, SAMSUNG
1506, 28/02/2021, 157, ITAQUAQUECETUBA, ROUBO (ART. 157) - VEICULO, SAMSUNG
486, 29/01/2019, 155, MACATUBA, FURTO (ART. 155) - OUTROS, MOTOROLA
124, 30/11/2018, 155, SAO JOSE DOS CAMPOS, NULO, SAMSUNG
710, 31/08/2019, 157, JAU, ROUBO (ART. 157) - OUTROS, NULO
73, 29/11/2018, 155, NULO, NULO, MOTOROLA
230, 29/04/2018, NULO, NULO, NULO, NULO
1070, 29/08/2020, 155, ITAQUAQUECETUBA, FURTO (ART. 155) - OUTROS, MOTOROLA
870, 01/01/2020, 157, UBATUBA, ROUBO (ART. 157) - OUTROS, APPLE
1366, 28/02/2021, 157, CAMPINAS, ROUBO (ART. 157) - VEICULO, XIAOMI
888, 01/01/2020, 157, ARACATUBA, ROUBO (ART. 157) - OUTROS, SAMSUNG
470, 02/01/2019, 155, SAO JOSE DO RIO PRETO, FURTO (ART. 155) - OUTROS, MOTOROLA
953, 01/01/2020, 157, PRAIA GRANDE, ROUBO (ART. 157) - VEICULO, XIAOMI
236, 30/04/2018, NULO, NULO, NULO, NULO
516, 31/01/2019, 155, OSASCO, FURTO (ART. 155) - OUTROS, SAMSUNG
449, 31/01/2019, 155, JUNDIAI, FURTO (ART. 155) - OUTROS, SAMSUNG
863, 01/01/2020, 157, DIADEMA, ROUBO (ART. 157) - TRANSEUNTE, MOTOROLA
1162, 29/11/2021, 155, OSASCO, FURTO (ART. 155) - OUTROS, SAMSUNG
1464, 27/02/2021, 157, OSASCO, ROUBO (ART. 157) - TRANSEUNTE, MOTOROLA
1344, 30/11/2021, 155, CAMPINAS, FURTO (ART. 155) - OUTROS, MOTOROLA
237, 30/04/2018, NULO, NULO, NULO, NULO
474, 31/01/2019, 155, VALINHOS, FURTO (ART. 155) - OUTROS, MOTOROLA
1323, 27/11/2021, NULO, NULO, NULO, SAMSUNG
1177, 30/11/2021, 155, OSASCO, FURTO (ART. 155) - OUTROS, SAMSUNG
111, 12/01/2018, 155, JABOTICABAL, NULO, SAMSUNG
1482, 27/02/2021, 157, NULO, NULO, SAMSUNG
528, 02/01/2019, 129, GUARUJA, LESAO CORPORAL (ART. 129), NULO
328, 30/04/2018, 157, DIADEMA, ROUBO (ART. 157) - VEICULO, SAMSUNG
572, 31/01/2019, 155, TATUI, FURTO (ART. 155) - TRANSEUNTE, SAMSUNG
573, 28/01/2019, 155, GUARULHOS, FURTO (ART. 155) - RESIDENCIA, SAMSUNG
891, 01/01/2020, 157, SAO JOSE DO RIO PRETO, ROUBO (ART. 157) - TRANSEUNTE, MOTOROLA
960, 31/08/2020, 155, CAMPINAS, FURTO (ART. 155) - OUTROS, APPLE
195, 30/11/2018, NULO, PINDAMONHANGABA, FURTO (ART. 155) - OUTROS, MOTOROLA
751, 30/08/2019, 157, FERRAZ DE VASCONCELOS, ROUBO (ART. 157) - TRANSEUNTE, SAMSUNG
1263, 11/01/2021, 155, GUARULHOS, FURTO (ART. 155) - OUTROS, APPLE
829, 01/01/2020, NULO, NULO, NULO, NULO
233, 30/04/2018, NULO, NULO, NULO, NULO
1143, 08/08/2020, 155, BARUERI, FURTO (ART. 155) - OUTROS, MOTOROLA
371, 05/01/2018, 157, CARAPICUIBA, ROUBO (ART. 157) - OUTROS, SAMSUNG
918, 01/01/2020, 157, FRANCO DA ROCHA, ROUBO (ART. 157) - TRANSEUNTE, SAMSUNG
864, 01/01/2020, 157, JAU, ROUBO (ART. 157) - OUTROS, OUTROS
843, 01/01/2020, NULO, NULO, NULO, NULO
527, 02/01/2019, 147, GUARUJA, AMEACA (ART. 147), NULO
1120, 09/01/2020, 155, HORTOLANDIA, FURTO (ART. 155) - INTERIOR DE VEICULO, MOTOROLA
32, 30/11/2018, 155, SANTO ANDRE, FURTO (ART. 155) - OUTROS, SAMSUNG
605, 31/08/2019, 157, COTIA, ROUBO (ART. 157) - VEICULO, MOTOROLA
1106, 30/08/2020, 155, CACAPAVA, FURTO (ART. 155) - ESTABELECIMENTO COMERCIAL, OUTROS
1369, 28/02/2021, 157, CAMPINAS, ROUBO (ART. 157) - VEICULO, XIAOMI
1405, 03/01/2021, 157, BAURU, ROUBO (ART. 157) - OUTROS, SAMSUNG
1334, 30/11/2021, NULO, NULO, NULO, SAMSUNG
860, 31/12/2019, 157, GUARULHOS, ROUBO (ART. 157) - VEICULO, MOTOROLA
1480, 25/02/2021, 157, NULO, NULO, SAMSUNG
9, 30/11/2018, 155, PIRAJUI, FURTO (ART. 155) - TRANSEUNTE, MOTOROLA
506, 30/01/2019, 155, SANTO ANDRE, FURTO QUALIFICADO (ART. 155) - RESIDENCIA, SAMSUNG
141, 25/11/2018, 155, SAO BERNARDO DO CAMPO, FURTO (ART. 155) - INTERIOR ESTABELECIMENTO, NULO
1, 30/11/2018, 155, CAMPO LIMPO PAULISTA, FURTO (ART. 155) - INTERIOR DE VEICULO, SAMSUNG
70, 30/11/2018, 155, NULO, NULO, MOTOROLA
1121, 25/08/2020, 155, SAO BERNARDO DO CAMPO, FURTO (ART. 155) - OUTROS, MOTOROLA
854, 01/01/2020, 157, SANTOS, ROUBO (ART. 157) - OUTROS, SAMSUNG
780, 31/12/2019, 157, NULO, NULO, XIAOMI
1368, 28/02/2021, 157, CAMPINAS, ROUBO (ART. 157) - VEICULO, XIAOMI
1525, 26/02/2021, 157, CARAPICUIBA, ROUBO (ART. 157) - TRANSEUNTE, SAMSUNG
784, 31/12/2019, 157, NULO, NULO, SAMSUNG
1215, 30/11/2021, 155, OSASCO, FURTO (ART. 155) - OUTROS, MOTOROLA
1042, 09/01/2020, 155, CAMPINAS, FURTO (ART. 155) - INTERIOR TRANSPORTE COLETIVO, MOTOROLA
1349, 12/01/2021, 155, ITAPECERICA DA SERRA, FURTO QUALIFICADO (ART. 155) - ESTABELECIMENTO-OUTROS, APPLE
1095, 31/08/2020, 155, PRESIDENTE PRUDENTE, FURTO (ART. 155) - OUTROS, MOTOROLA
1355, 28/02/2021, 157, GUARUJA, ROUBO (ART. 157) - VEICULO, MOTOROLA
355, 30/04/2018, 157, ARACARIGUAMA, ROUBO (ART. 157) - VEICULO, SAMSUNG
1111, 29/08/2020, 155, SAO JOSE DO RIO PRETO, FURTO (ART. 155) - RESIDENCIA, XIAOMI
1322, 30/11/2021, NULO, NULO, NULO, XIAOMI
1140, 09/01/2020, 155, PEDERNEIRAS, FURTO (ART. 155) - OUTROS, SAMSUNG
913, 31/12/2019, 157, CAJAMAR, ROUBO (ART. 157) - VEICULO, APPLE
209, 30/04/2018, NULO, COTIA, ROUBO (ART. 157) - VEICULO, MOTOROLA
681, 31/08/2019, NULO, NULO, ROUBO (ART. 157) - OUTROS, MOTOROLA
160, 30/11/2018, 155, OSASCO, FURTO (ART. 155) - OUTROS, NULO
1296, 28/11/2021, 155, OSASCO, FURTO (ART. 155) - OUTROS, SAMSUNG
194, 30/11/2018, NULO, MATAO, FURTO (ART. 155) - TRANSEUNTE, SAMSUNG
510, 31/01/2019, 155, SAO RITA PASSA QUATRO, FURTO QUALIFICADO (ART. 155) - APLICATIVO DE MOBILIDADE URBANA, LG
1477, 25/02/2021, 157, NULO, NULO, LG
504, 02/01/2019, 155, ILHA COMPRIDA, FURTO (ART. 155) - OUTROS, LG
